/*C1*/SET SCHEMA SYSTEM_LOBS
INSERT INTO BLOCKS VALUES(0,2147483647,0)
COMMIT
/*C2*/SET SCHEMA PUBLIC
DISCONNECT
/*C3*/SET SCHEMA PUBLIC
create table comm_build_data (id integer generated by default as identity (start with 1), build_time integer, building_type varchar(255), cash_capacity varbinary(255), payback_period_max integer, payback_period_min integer, profit_max integer, profit_min integer, purchase_price_max bigint, purchase_price_min bigint, rem_term_max integer, rem_term_min integer, useful_life integer, primary key (id))
create table property (id integer generated by default as identity (start with 1), cash integer, city_area varchar(255), depreciation_percent integer, initial_cost integer, level integer, purchase_date timestamp, selling_price bigint, user_id integer, valid bit, primary key (id))
create table re_proposal (id integer generated by default as identity (start with 1), appear_date timestamp, building_type varchar(255), loss_date timestamp, purchase_price bigint, valid bit, primary key (id))
create table transac (id integer generated by default as identity (start with 1), article_cash_flow varchar(255), balance bigint, description varchar(100), summa bigint, transact_date timestamp, transfer_type varchar(255), user_id integer, primary key (id))
create table user (id integer generated by default as identity (start with 1), email varchar(50), last_enter timestamp, login varchar(20), password varchar(20), primary key (id))
create table vmap (id integer generated by default as identity (start with 1), name varchar(20), value varchar(255), primary key (id))
INSERT INTO USER VALUES(1,'admin@triangles.com',NULL,'admin','admin')
COMMIT
DELETE FROM USER WHERE ID=1
INSERT INTO USER VALUES(1,'admin@triangles.com','2015-06-22 21:43:55.626000','admin','admin')
COMMIT
INSERT INTO COMM_BUILD_DATA VALUES(1,1,'STALL','aced0005737200136a6176612e7574696c2e41727261794c6973747881d21d99c7619d03000149000473697a657870000000057704000000057372000e6a6176612e6c616e672e4c6f6e673b8be490cc8f23df0200014a000576616c7565787200106a6176612e6c616e672e4e756d62657286ac951d0b94e08b020000787000000000000000d67371007e000200000000000001ac7371007e000200000000000002827371007e000200000000000003587371007e0002000000000000042e78',6,3,214,107,5500,4500,0,0,12)
COMMIT
INSERT INTO COMM_BUILD_DATA VALUES(2,2,'VILLAGE_SHOP','aced0005737200136a6176612e7574696c2e41727261794c6973747881d21d99c7619d03000149000473697a657870000000057704000000057372000e6a6176612e6c616e672e4c6f6e673b8be490cc8f23df0200014a000576616c7565787200106a6176612e6c616e672e4e756d62657286ac951d0b94e08b020000787000000000000002ca7371007e000200000000000005947371007e0002000000000000085e7371007e00020000000000000b287371007e00020000000000000df278',10,2,714,142,15000,10000,0,0,20)
COMMIT
INSERT INTO COMM_BUILD_DATA VALUES(3,3,'STATIONER_SHOP','aced0005737200136a6176612e7574696c2e41727261794c6973747881d21d99c7619d03000149000473697a657870000000057704000000057372000e6a6176612e6c616e672e4c6f6e673b8be490cc8f23df0200014a000576616c7565787200106a6176612e6c616e672e4e756d62657286ac951d0b94e08b020000787000000000000001e57371007e000200000000000003ca7371007e000200000000000005af7371007e000200000000000007947371007e0002000000000000097978',12,5,485,202,30000,17000,0,0,24)
COMMIT
INSERT INTO TRANSAC VALUES(1,'DAILY_BONUS',17000,'\u041d\u0430\u0447\u0430\u043b\u044c\u043d\u044b\u0439 \u043a\u0430\u043f\u0438\u0442\u0430\u043b',17000,'2015-06-21 21:43:58.158000','PROFIT',1)
COMMIT
INSERT INTO TRANSAC VALUES(2,'CREDIT_DEPOSIT',17000,'\u041d\u0430\u0447\u0430\u043b\u044c\u043d\u044b\u0439 \u043a\u0440\u0435\u0434\u0438\u0442/\u0434\u0435\u043f\u043e\u0437\u0438\u0442',0,'2015-06-21 21:43:59.158000','PROFIT',1)
COMMIT
INSERT INTO TRANSAC VALUES(3,'LEVY_ON_PROPERTY',17000,'\u041d\u0430\u0447\u0430\u043b\u044c\u043d\u044b\u0439 \u0441\u0431\u043e\u0440 \u0441 \u0438\u043c\u0443\u0449\u0435\u0441\u0442\u0432\u0430',0,'2015-06-21 21:44:00.158000','PROFIT',1)
COMMIT
INSERT INTO TRANSAC VALUES(4,'DAILY_BONUS',17050,'\u0415\u0436\u0435\u0434\u043d\u0435\u0432\u043d\u044b\u0439 \u0431\u043e\u043d\u0443\u0441 \u0437\u0430: 22-06-2015',50,'2015-06-22 21:43:59.189000','PROFIT',1)
COMMIT
DISCONNECT
